2019-06-16 23:37:52 INFO  PluginTasksProjectComponent.projectOpened(77) - ---------- Project opened ----------
2019-06-16 23:37:52 INFO  PluginTasksProjectComponent.projectOpened(78) - ---------- Version 3.31 ----------

2019-06-16 23:37:52 INFO  PluginTasksProjectComponent.setAutoscrolls(366) - Autoscrolls successfully set
2019-06-16 23:37:52 INFO  ApacheHttpClient.createAsyncHttpClient(135) - 1 proxies selected. Type: DIRECT
2019-06-16 23:37:52 INFO  ApacheHttpClient.<init>(93) - ApacheHttpClient was successfully instantiated.
2019-06-16 23:37:53 INFO  ApacheHttpClient.testConnection(193) - responseCode = 200
2019-06-16 23:37:53 INFO  ApacheHttpClient.testConnection(208) - result = true
2019-06-16 23:37:53 INFO  ApacheHttpClient.isSessionAppropriateWithSecretKey(572) - The session is not set in the property file.
2019-06-16 23:37:54 INFO  ApacheHttpClient.login(238) - Waiting for server response.
2019-06-16 23:37:54 INFO  ApacheHttpClient.login(242) - responseCode = 200
2019-06-16 23:37:54 INFO  ApacheHttpClient.login(265) - JSESSIONID OK
2019-06-16 23:37:54 INFO  ApacheHttpClient.refreshUserInfo(293) - responseCode = 200
2019-06-16 23:37:54 INFO  ApacheHttpClient.refreshUserInfo(299) - User information received.
2019-06-16 23:37:54 INFO  ApacheHttpClient.startGA(35) - GAService started.
2019-06-16 23:37:54 INFO  AbstractRestApiClient.startService(71) - EventsService started.
2019-06-16 23:38:40 INFO  ApacheHttpClient.getWebResourceAsStream(485) - responseCode = 200
2019-06-16 23:38:41 INFO  ApacheHttpClient.getFilteredTasks(324) - responseCode = 200
2019-06-16 23:38:57 INFO  ApacheHttpClient.getFilteredTasks(324) - responseCode = 200
2019-06-17 08:49:34 INFO  PluginTasksProjectComponent.projectClosing(188) - ---------- Project closed ----------

2019-06-17 22:53:17 INFO  PluginTasksProjectComponent.projectOpened(77) - ---------- Project opened ----------
2019-06-17 22:53:17 INFO  PluginTasksProjectComponent.projectOpened(78) - ---------- Version 3.31 ----------

2019-06-17 22:53:17 INFO  PluginTasksProjectComponent.setAutoscrolls(366) - Autoscrolls successfully set
2019-06-17 22:53:18 INFO  ApacheHttpClient.createAsyncHttpClient(135) - 1 proxies selected. Type: DIRECT
2019-06-17 22:53:18 INFO  ApacheHttpClient.<init>(93) - ApacheHttpClient was successfully instantiated.
2019-06-17 22:53:18 INFO  ApacheHttpClient.testConnection(193) - responseCode = 200
2019-06-17 22:53:18 INFO  ApacheHttpClient.testConnection(208) - result = true
2019-06-17 22:53:19 INFO  ApacheHttpClient.isSessionAppropriateWithSecretKey(585) - Waiting for server response.
2019-06-17 22:53:19 INFO  ApacheHttpClient.refreshUserInfo(293) - responseCode = 200
2019-06-17 22:53:19 INFO  ApacheHttpClient.refreshUserInfo(299) - User information received.
2019-06-17 22:53:19 INFO  ApacheHttpClient.startGA(35) - GAService started.
2019-06-17 22:53:19 INFO  AbstractRestApiClient.startService(71) - EventsService started.
2019-06-18 09:29:00 INFO  PluginTasksProjectComponent.projectClosing(188) - ---------- Project closed ----------

2019-06-19 23:11:48 INFO  PluginTasksProjectComponent.projectOpened(77) - ---------- Project opened ----------
2019-06-19 23:11:48 INFO  PluginTasksProjectComponent.projectOpened(78) - ---------- Version 3.31 ----------

2019-06-19 23:11:48 INFO  ApacheHttpClient.createAsyncHttpClient(135) - 1 proxies selected. Type: DIRECT
2019-06-19 23:11:48 INFO  ApacheHttpClient.<init>(93) - ApacheHttpClient was successfully instantiated.
2019-06-19 23:11:52 INFO  ApacheHttpClient.testConnection(193) - responseCode = 200
2019-06-19 23:11:52 INFO  ApacheHttpClient.testConnection(208) - result = true
2019-06-19 23:11:53 INFO  ApacheHttpClient.isSessionAppropriateWithSecretKey(585) - Waiting for server response.
2019-06-19 23:11:53 INFO  ApacheHttpClient.isSessionAppropriateWithSecretKey(585) - Waiting for server response.
2019-06-19 23:11:53 INFO  ApacheHttpClient.isSessionAppropriateWithSecretKey(585) - Waiting for server response.
2019-06-19 23:11:53 INFO  ApacheHttpClient.isSessionAppropriateWithSecretKey(585) - Waiting for server response.
2019-06-19 23:11:54 INFO  ApacheHttpClient.refreshUserInfo(293) - responseCode = 200
2019-06-19 23:11:54 INFO  ApacheHttpClient.refreshUserInfo(299) - User information received.
2019-06-19 23:11:54 INFO  ApacheHttpClient.startGA(35) - GAService started.
2019-06-19 23:11:54 INFO  AbstractRestApiClient.startService(71) - EventsService started.
2019-06-20 09:29:16 INFO  PluginTasksProjectComponent.projectClosing(188) - ---------- Project closed ----------

2019-06-23 19:17:14 INFO  PluginTasksProjectComponent.projectOpened(77) - ---------- Project opened ----------
2019-06-23 19:17:14 INFO  PluginTasksProjectComponent.projectOpened(78) - ---------- Version 3.31 ----------

2019-06-23 19:17:14 INFO  ApacheHttpClient.createAsyncHttpClient(135) - 1 proxies selected. Type: DIRECT
2019-06-23 19:17:14 INFO  ApacheHttpClient.<init>(93) - ApacheHttpClient was successfully instantiated.
2019-06-23 19:17:14 INFO  ApacheHttpClient.testConnection(193) - responseCode = 200
2019-06-23 19:17:14 INFO  ApacheHttpClient.testConnection(208) - result = true
2019-06-23 19:17:15 INFO  ApacheHttpClient.isSessionAppropriateWithSecretKey(585) - Waiting for server response.
2019-06-23 19:17:15 INFO  ApacheHttpClient.refreshUserInfo(293) - responseCode = 200
2019-06-23 19:17:15 INFO  ApacheHttpClient.refreshUserInfo(299) - User information received.
2019-06-23 19:17:15 INFO  ApacheHttpClient.startGA(35) - GAService started.
2019-06-23 19:17:15 INFO  AbstractRestApiClient.startService(71) - EventsService started.
2019-06-23 23:41:00 INFO  PluginTasksProjectComponent.projectClosing(188) - ---------- Project closed ----------

2019-06-26 21:58:03 INFO  PluginTasksProjectComponent.projectOpened(77) - ---------- Project opened ----------
2019-06-26 21:58:03 INFO  PluginTasksProjectComponent.projectOpened(78) - ---------- Version 3.31 ----------

2019-06-26 21:58:03 INFO  ApacheHttpClient.createAsyncHttpClient(135) - 1 proxies selected. Type: DIRECT
2019-06-26 21:58:03 INFO  ApacheHttpClient.<init>(93) - ApacheHttpClient was successfully instantiated.
2019-06-26 21:58:09 INFO  ApacheHttpClient.testConnection(193) - responseCode = 200
2019-06-26 21:58:09 INFO  ApacheHttpClient.testConnection(208) - result = true
2019-06-26 21:58:19 INFO  ApacheHttpClient.isSessionAppropriateWithSecretKey(585) - Waiting for server response.
2019-06-26 21:58:19 INFO  ApacheHttpClient.isSessionAppropriateWithSecretKey(585) - Waiting for server response.
2019-06-26 21:58:19 INFO  ApacheHttpClient.isSessionAppropriateWithSecretKey(585) - Waiting for server response.
2019-06-26 21:58:20 INFO  ApacheHttpClient.isSessionAppropriateWithSecretKey(585) - Waiting for server response.
2019-06-26 21:58:20 INFO  ApacheHttpClient.refreshUserInfo(293) - responseCode = 200
2019-06-26 21:58:20 INFO  ApacheHttpClient.refreshUserInfo(299) - User information received.
2019-06-26 21:58:20 INFO  ApacheHttpClient.startGA(35) - GAService started.
2019-06-26 21:58:20 INFO  AbstractRestApiClient.startService(71) - EventsService started.
2019-06-26 21:59:01 INFO  PluginTasksProjectComponent.projectClosing(188) - ---------- Project closed ----------

2019-07-01 22:10:35 INFO  PluginTasksProjectComponent.projectOpened(77) - ---------- Project opened ----------
2019-07-01 22:10:35 INFO  PluginTasksProjectComponent.projectOpened(78) - ---------- Version 3.31 ----------

2019-07-01 22:10:35 INFO  ApacheHttpClient.createAsyncHttpClient(135) - 1 proxies selected. Type: DIRECT
2019-07-01 22:10:35 INFO  ApacheHttpClient.<init>(93) - ApacheHttpClient was successfully instantiated.
2019-07-01 22:10:36 INFO  ApacheHttpClient.testConnection(193) - responseCode = 200
2019-07-01 22:10:36 INFO  ApacheHttpClient.testConnection(208) - result = true
2019-07-01 22:10:36 INFO  ApacheHttpClient.isSessionAppropriateWithSecretKey(585) - Waiting for server response.
2019-07-01 22:10:37 INFO  ApacheHttpClient.refreshUserInfo(293) - responseCode = 200
2019-07-01 22:10:37 INFO  ApacheHttpClient.refreshUserInfo(299) - User information received.
2019-07-01 22:10:37 INFO  ApacheHttpClient.startGA(35) - GAService started.
2019-07-01 22:10:37 INFO  AbstractRestApiClient.startService(71) - EventsService started.
2019-07-01 22:11:14 INFO  ApacheHttpClient.getWebResourceAsStream(485) - responseCode = 200
2019-07-01 22:11:15 INFO  ApacheHttpClient.getFilteredTasks(324) - responseCode = 200
2019-07-01 22:11:27 INFO  ApacheHttpClient.getTaskTemplateInfo(341) - responseCode = 200
2019-07-01 22:11:29 INFO  ApacheHttpClient.getWebResourceAsStream(485) - responseCode = 200
2019-07-01 22:11:37 INFO  ApacheHttpClient.sendEvent(518) - responseCode = 200
2019-07-01 22:12:37 INFO  ApacheHttpClient.sendEvent(518) - responseCode = 200
2019-07-01 22:13:37 INFO  ApacheHttpClient.sendEvent(518) - responseCode = 200
2019-07-01 22:14:37 INFO  ApacheHttpClient.sendEvent(518) - responseCode = 200
2019-07-01 22:15:37 INFO  ApacheHttpClient.sendEvent(518) - responseCode = 200
2019-07-01 22:16:37 INFO  ApacheHttpClient.sendEvent(518) - responseCode = 200
2019-07-01 22:17:37 INFO  ApacheHttpClient.sendEvent(518) - responseCode = 200
2019-07-01 22:18:37 INFO  ApacheHttpClient.sendEvent(518) - responseCode = 200
2019-07-01 22:19:37 INFO  ApacheHttpClient.sendEvent(518) - responseCode = 200
2019-07-01 22:20:37 INFO  ApacheHttpClient.sendEvent(518) - responseCode = 200
2019-07-01 22:21:37 INFO  ApacheHttpClient.sendEvent(518) - responseCode = 200
2019-07-01 22:22:37 INFO  ApacheHttpClient.sendEvent(518) - responseCode = 200
2019-07-01 22:23:37 INFO  ApacheHttpClient.sendEvent(518) - responseCode = 200
2019-07-01 22:24:37 INFO  ApacheHttpClient.sendEvent(518) - responseCode = 200
2019-07-01 22:25:37 INFO  ApacheHttpClient.sendEvent(518) - responseCode = 200
2019-07-01 22:26:08 INFO  ApacheHttpClient.getWebResourceAsStream(485) - responseCode = 200
2019-07-01 22:26:37 INFO  ApacheHttpClient.sendEvent(518) - responseCode = 200
2019-07-01 22:27:37 INFO  ApacheHttpClient.sendEvent(518) - responseCode = 200
2019-07-01 22:28:37 INFO  ApacheHttpClient.sendEvent(518) - responseCode = 200
2019-07-01 22:29:37 INFO  ApacheHttpClient.sendEvent(518) - responseCode = 200
2019-07-01 22:30:37 INFO  ApacheHttpClient.sendEvent(518) - responseCode = 200
2019-07-01 22:31:37 INFO  ApacheHttpClient.sendEvent(518) - responseCode = 200
2019-07-01 22:32:37 INFO  ApacheHttpClient.sendEvent(518) - responseCode = 200
2019-07-01 22:33:37 INFO  ApacheHttpClient.sendEvent(518) - responseCode = 200
2019-07-01 22:34:37 INFO  ApacheHttpClient.sendEvent(518) - responseCode = 200
2019-07-01 22:35:37 INFO  ApacheHttpClient.sendEvent(518) - responseCode = 200
2019-07-01 22:36:37 INFO  ApacheHttpClient.sendEvent(518) - responseCode = 200
2019-07-01 22:37:37 INFO  ApacheHttpClient.sendEvent(518) - responseCode = 200
2019-07-01 22:38:37 INFO  ApacheHttpClient.sendEvent(518) - responseCode = 200
2019-07-01 22:39:37 INFO  ApacheHttpClient.sendEvent(518) - responseCode = 200
2019-07-01 22:40:37 INFO  ApacheHttpClient.sendEvent(518) - responseCode = 200
2019-07-01 22:41:37 INFO  ApacheHttpClient.sendEvent(518) - responseCode = 200
2019-07-01 22:42:14 INFO  PluginTasksProjectComponent.projectClosing(188) - ---------- Project closed ----------

2019-07-01 22:42:14 INFO  ApacheHttpClient.getTask(471) - responseCode = 200
2019-07-01 23:04:34 INFO  PluginTasksProjectComponent.projectOpened(77) - ---------- Project opened ----------
2019-07-01 23:04:34 INFO  PluginTasksProjectComponent.projectOpened(78) - ---------- Version 3.31 ----------

2019-07-01 23:04:34 INFO  ApacheHttpClient.createAsyncHttpClient(135) - 1 proxies selected. Type: DIRECT
2019-07-01 23:04:34 INFO  ApacheHttpClient.<init>(93) - ApacheHttpClient was successfully instantiated.
2019-07-01 23:04:34 INFO  ApacheHttpClient.testConnection(193) - responseCode = 200
2019-07-01 23:04:34 INFO  ApacheHttpClient.testConnection(208) - result = true
2019-07-01 23:04:35 INFO  ApacheHttpClient.isSessionAppropriateWithSecretKey(585) - Waiting for server response.
2019-07-01 23:04:35 INFO  ApacheHttpClient.refreshUserInfo(293) - responseCode = 200
2019-07-01 23:04:35 INFO  ApacheHttpClient.refreshUserInfo(299) - User information received.
2019-07-01 23:04:35 INFO  ApacheHttpClient.startGA(35) - GAService started.
2019-07-01 23:04:35 INFO  AbstractRestApiClient.startService(71) - EventsService started.
2019-07-01 23:04:40 INFO  ApacheHttpClient.getWebResourceAsStream(485) - responseCode = 200
2019-07-01 23:05:35 INFO  ApacheHttpClient.sendEvent(518) - responseCode = 200
2019-07-01 23:06:35 INFO  ApacheHttpClient.sendEvent(518) - responseCode = 200
2019-07-01 23:07:18 INFO  PluginTasksProjectComponent.projectClosing(188) - ---------- Project closed ----------

2019-07-01 23:07:18 INFO  ApacheHttpClient.getTask(471) - responseCode = 200
2019-07-01 23:07:31 INFO  PluginTasksProjectComponent.projectOpened(77) - ---------- Project opened ----------
2019-07-01 23:07:31 INFO  PluginTasksProjectComponent.projectOpened(78) - ---------- Version 3.31 ----------

2019-07-01 23:07:31 INFO  ApacheHttpClient.createAsyncHttpClient(135) - 1 proxies selected. Type: DIRECT
2019-07-01 23:07:31 INFO  ApacheHttpClient.<init>(93) - ApacheHttpClient was successfully instantiated.
2019-07-01 23:07:32 INFO  ApacheHttpClient.testConnection(193) - responseCode = 200
2019-07-01 23:07:32 INFO  ApacheHttpClient.testConnection(208) - result = true
2019-07-01 23:07:32 INFO  ApacheHttpClient.isSessionAppropriateWithSecretKey(585) - Waiting for server response.
2019-07-01 23:07:32 INFO  ApacheHttpClient.refreshUserInfo(293) - responseCode = 200
2019-07-01 23:07:32 INFO  ApacheHttpClient.refreshUserInfo(299) - User information received.
2019-07-01 23:07:32 INFO  ApacheHttpClient.startGA(35) - GAService started.
2019-07-01 23:07:32 INFO  AbstractRestApiClient.startService(71) - EventsService started.
2019-07-01 23:07:38 INFO  ApacheHttpClient.getWebResourceAsStream(485) - responseCode = 200
2019-07-01 23:08:32 INFO  ApacheHttpClient.sendEvent(518) - responseCode = 200
2019-07-01 23:09:32 INFO  ApacheHttpClient.sendEvent(518) - responseCode = 200
2019-07-01 23:10:32 INFO  ApacheHttpClient.sendEvent(518) - responseCode = 200
2019-07-01 23:11:32 INFO  ApacheHttpClient.sendEvent(518) - responseCode = 200
2019-07-01 23:12:32 INFO  ApacheHttpClient.sendEvent(518) - responseCode = 200
2019-07-01 23:13:32 INFO  ApacheHttpClient.sendEvent(518) - responseCode = 200
2019-07-01 23:14:32 INFO  ApacheHttpClient.sendEvent(518) - responseCode = 200
2019-07-01 23:15:32 INFO  ApacheHttpClient.sendEvent(518) - responseCode = 200
2019-07-01 23:16:32 INFO  ApacheHttpClient.sendEvent(518) - responseCode = 200
2019-07-01 23:17:32 INFO  ApacheHttpClient.sendEvent(518) - responseCode = 200
2019-07-01 23:18:32 INFO  ApacheHttpClient.sendEvent(518) - responseCode = 200
